<?xml version="1.0" encoding="UTF-8"?>
<testsuite xmlns:xsi="http://www.w3.org/2001/XMLSchema-instance" xsi:noNamespaceSchemaLocation="https://maven.apache.org/surefire/maven-surefire-plugin/xsd/surefire-test-report.xsd" name="edu.miu.cs.cs425.AppTest" time="0.03" tests="1" errors="0" skipped="0" failures="0">
  <properties>
    <property name="java.specification.version" value="20"/>
    <property name="sun.jnu.encoding" value="UTF-8"/>
    <property name="java.class.path" value="/Users/hiendinh/Desktop/MIU_COURSE/7_AppliedSD/CS489-assignment/Lab10/demo-java-cli-app-containerized-using-jetbrains-intellij-docker/helloworlddocker/target/test-classes:/Users/hiendinh/Desktop/MIU_COURSE/7_AppliedSD/CS489-assignment/Lab10/demo-java-cli-app-containerized-using-jetbrains-intellij-docker/helloworlddocker/target/classes:/Users/hiendinh/.m2/repository/junit/junit/4.13/junit-4.13.jar:/Users/hiendinh/.m2/repository/org/hamcrest/hamcrest-core/1.3/hamcrest-core-1.3.jar:"/>
    <property name="java.vm.vendor" value="Oracle Corporation"/>
    <property name="sun.arch.data.model" value="64"/>
    <property name="java.vendor.url" value="https://java.oracle.com/"/>
    <property name="os.name" value="Mac OS X"/>
    <property name="java.vm.specification.version" value="20"/>
    <property name="sun.java.launcher" value="SUN_STANDARD"/>
    <property name="user.country" value="VN"/>
    <property name="sun.boot.library.path" value="/Users/hiendinh/Library/Java/JavaVirtualMachines/openjdk-20.0.2/Contents/Home/lib"/>
    <property name="sun.java.command" value="/Users/hiendinh/Desktop/MIU_COURSE/7_AppliedSD/CS489-assignment/Lab10/demo-java-cli-app-containerized-using-jetbrains-intellij-docker/helloworlddocker/target/surefire/surefirebooter2384174453148317259.jar /Users/hiendinh/Desktop/MIU_COURSE/7_AppliedSD/CS489-assignment/Lab10/demo-java-cli-app-containerized-using-jetbrains-intellij-docker/helloworlddocker/target/surefire 2024-04-19T01-28-17_660-jvmRun1 surefire10403337793392032716tmp surefire_0145723554320220351tmp"/>
    <property name="http.nonProxyHosts" value="local|*.local|169.254/16|*.169.254/16"/>
    <property name="jdk.debug" value="release"/>
    <property name="surefire.test.class.path" value="/Users/hiendinh/Desktop/MIU_COURSE/7_AppliedSD/CS489-assignment/Lab10/demo-java-cli-app-containerized-using-jetbrains-intellij-docker/helloworlddocker/target/test-classes:/Users/hiendinh/Desktop/MIU_COURSE/7_AppliedSD/CS489-assignment/Lab10/demo-java-cli-app-containerized-using-jetbrains-intellij-docker/helloworlddocker/target/classes:/Users/hiendinh/.m2/repository/junit/junit/4.13/junit-4.13.jar:/Users/hiendinh/.m2/repository/org/hamcrest/hamcrest-core/1.3/hamcrest-core-1.3.jar:"/>
    <property name="sun.cpu.endian" value="little"/>
    <property name="user.home" value="/Users/hiendinh"/>
    <property name="user.language" value="en"/>
    <property name="java.specification.vendor" value="Oracle Corporation"/>
    <property name="java.version.date" value="2023-07-18"/>
    <property name="java.home" value="/Users/hiendinh/Library/Java/JavaVirtualMachines/openjdk-20.0.2/Contents/Home"/>
    <property name="file.separator" value="/"/>
    <property name="basedir" value="/Users/hiendinh/Desktop/MIU_COURSE/7_AppliedSD/CS489-assignment/Lab10/demo-java-cli-app-containerized-using-jetbrains-intellij-docker/helloworlddocker"/>
    <property name="java.vm.compressedOopsMode" value="Zero based"/>
    <property name="line.separator" value="&#10;"/>
    <property name="java.vm.specification.vendor" value="Oracle Corporation"/>
    <property name="java.specification.name" value="Java Platform API Specification"/>
    <property name="apple.awt.application.name" value="ForkedBooter"/>
    <property name="surefire.real.class.path" value="/Users/hiendinh/Desktop/MIU_COURSE/7_AppliedSD/CS489-assignment/Lab10/demo-java-cli-app-containerized-using-jetbrains-intellij-docker/helloworlddocker/target/surefire/surefirebooter2384174453148317259.jar"/>
    <property name="sun.management.compiler" value="HotSpot 64-Bit Tiered Compilers"/>
    <property name="ftp.nonProxyHosts" value="local|*.local|169.254/16|*.169.254/16"/>
    <property name="java.runtime.version" value="20.0.2+9-78"/>
    <property name="user.name" value="hiendinh"/>
    <property name="stdout.encoding" value="UTF-8"/>
    <property name="path.separator" value=":"/>
    <property name="os.version" value="14.4.1"/>
    <property name="java.runtime.name" value="OpenJDK Runtime Environment"/>
    <property name="file.encoding" value="UTF-8"/>
    <property name="java.vm.name" value="OpenJDK 64-Bit Server VM"/>
    <property name="localRepository" value="/Users/hiendinh/.m2/repository"/>
    <property name="java.vendor.url.bug" value="https://bugreport.java.com/bugreport/"/>
    <property name="java.io.tmpdir" value="/var/folders/4t/5psjjt5s1db8rtwjqxhhwx440000gn/T/"/>
    <property name="idea.version" value="2024.1"/>
    <property name="java.version" value="20.0.2"/>
    <property name="user.dir" value="/Users/hiendinh/Desktop/MIU_COURSE/7_AppliedSD/CS489-assignment/Lab10/demo-java-cli-app-containerized-using-jetbrains-intellij-docker/helloworlddocker"/>
    <property name="os.arch" value="aarch64"/>
    <property name="java.vm.specification.name" value="Java Virtual Machine Specification"/>
    <property name="native.encoding" value="UTF-8"/>
    <property name="java.library.path" value="/Users/hiendinh/Library/Java/Extensions:/Library/Java/Extensions:/Network/Library/Java/Extensions:/System/Library/Java/Extensions:/usr/lib/java:."/>
    <property name="java.vm.info" value="mixed mode, sharing"/>
    <property name="stderr.encoding" value="UTF-8"/>
    <property name="java.vendor" value="Oracle Corporation"/>
    <property name="java.vm.version" value="20.0.2+9-78"/>
    <property name="sun.io.unicode.encoding" value="UnicodeBig"/>
    <property name="socksNonProxyHosts" value="local|*.local|169.254/16|*.169.254/16"/>
    <property name="java.class.version" value="64.0"/>
  </properties>
  <testcase name="shouldAnswerWithTrue" classname="edu.miu.cs.cs425.AppTest" time="0.003"/>
</testsuite>